<?xml version="1.0" encoding="UTF-8"?>
<testsuite name="com.main.template.TestMongoDBRepoSpec" tests="4" skipped="0" failures="1" errors="0" timestamp="2023-01-25T17:39:30" hostname="LAPTOP-30L91JUA" time="0.541">
  <properties/>
  <testcase name="Asert for Aggregation" classname="com.main.template.TestMongoDBRepoSpec" time="0.083">
    <failure message="groovy.lang.GroovyRuntimeException: Could not find matching constructor for: com.main.data.CountFacet(ArrayList, ArrayList, ArrayList, ArrayList)" type="groovy.lang.GroovyRuntimeException">groovy.lang.GroovyRuntimeException: Could not find matching constructor for: com.main.data.CountFacet(ArrayList, ArrayList, ArrayList, ArrayList)
	at com.main.template.TestMongoDBRepoSpec.Asert for Aggregation(TestMongoDBRepoSpec.groovy:35)
</failure>
  </testcase>
  <testcase name="Asert for testQuery" classname="com.main.template.TestMongoDBRepoSpec" time="0.338"/>
  <testcase name="Asert for testQuery111" classname="com.main.template.TestMongoDBRepoSpec" time="0.059"/>
  <testcase name="adder fr tet query122" classname="com.main.template.TestMongoDBRepoSpec" time="0.059"/>
  <system-out><![CDATA[Mock for type 'BulkWriteResult'test Cla*****8
[Query: { "name" : "prakash", "kids" : 5, "transactionType.add" : true}, Fields: {}, Sort: {}->{ "$set" : { "create" : true}, "$push" : { "error" : { "$java" : Error(errorCategory=1, errorDescription=test error 1, thresholdType=ADD) } } }, Query: { "name" : "prakash", "kids" : 5, "transactionType.change" : true}, Fields: {}, Sort: {}->{ "$set" : { "create" : true}, "$push" : { "error" : { "$java" : Error(errorCategory=2, errorDescription=test error 2, thresholdType=CHANGE) } } }]Main Cla*****8
[Query: { "name" : "prakash", "kids" : 5, "transactionType.add" : true}, Fields: {}, Sort: {}->{ "$set" : { "create" : true}, "$push" : { "error" : { "$java" : Error(errorCategory=1, errorDescription=test error 1, thresholdType=ADD) } } }, Query: { "name" : "prakash", "kids" : 5, "transactionType.change" : true}, Fields: {}, Sort: {}->{ "$set" : { "create" : true}, "$push" : { "error" : { "$java" : Error(errorCategory=2, errorDescription=test error 2, thresholdType=CHANGE) } } }]Mock for type 'BulkWriteResult']]></system-out>
  <system-err><![CDATA[]]></system-err>
</testsuite>
